2026.04.12 09:18:36 WARN  Using H2 2.4.240 which is newer than the version Flyway has been verified with. The latest verified version of H2 is 2.3.232.
2026.04.12 09:18:36 INFO  no build target found for /Users/abhishekghosh/Desktop/personal-projects/spring-boot-helper/projects/hibernate-jpa/src/main/java/io/github/abhishekghoshh/products/repository/ProductDataJpaRepository.java. Using fallback presentation compiler.
Apr 12, 2026 9:18:37 AM org.eclipse.lsp4j.jsonrpc.RemoteEndpoint handleCancellation
WARNING: Unmatched cancel notification for request id 2
2026.04.12 09:18:36 INFO  no build target found for /Users/abhishekghosh/Desktop/personal-projects/spring-boot-helper/projects/hibernate-jpa/src/main/java/io/github/abhishekghoshh/products/repository/ProductDataJpaRepository.java. Using fallback presentation compiler.
2026.04.12 09:18:37 WARN  no build tool detected in workspace '/Users/abhishekghosh/Desktop/personal-projects/spring-boot-helper'. The most common cause for this problem is that the editor was opened in the wrong working directory, for example if you use sbt then the workspace directory should contain build.sbt. 
2026.04.12 09:18:37 INFO  no build target found for /Users/abhishekghosh/Desktop/personal-projects/spring-boot-helper/projects/hibernate-jpa/src/main/java/io/github/abhishekghoshh/products/repository/ProductDataJpaRepository.java. Using fallback presentation compiler.
2026.04.12 09:18:37 WARN  Build server is not auto-connectable.
2026.04.12 09:18:37 INFO  no build target found for /Users/abhishekghosh/Desktop/personal-projects/spring-boot-helper/projects/hibernate-jpa/src/main/java/io/github/abhishekghoshh/products/repository/ProductDataJpaRepository.java. Using fallback presentation compiler.
2026.04.12 09:18:37 WARN  no build target for: /Users/abhishekghosh/Desktop/personal-projects/spring-boot-helper/projects/hibernate-jpa/src/main/java/io/github/abhishekghoshh/products/repository/ProductDataJpaRepository.java
2026.04.12 09:18:37 INFO  no build target found for /Users/abhishekghosh/Desktop/personal-projects/spring-boot-helper/projects/hibernate-jpa/src/main/java/io/github/abhishekghoshh/products/repository/ProductDataJpaRepository.java. Using fallback presentation compiler.
Apr 12, 2026 9:18:37 AM org.eclipse.lsp4j.jsonrpc.RemoteEndpoint handleCancellation
WARNING: Unmatched cancel notification for request id 5
Apr 12, 2026 9:18:37 AM org.eclipse.lsp4j.jsonrpc.RemoteEndpoint handleCancellation
WARNING: Unmatched cancel notification for request id 9
Apr 12, 2026 9:18:37 AM org.eclipse.lsp4j.jsonrpc.RemoteEndpoint handleCancellation
WARNING: Unmatched cancel notification for request id 1
2026.04.12 09:18:37 INFO  no build target found for /Users/abhishekghosh/Desktop/personal-projects/spring-boot-helper/projects/hibernate-jpa/src/main/java/io/github/abhishekghoshh/products/repository/ProductDataJpaRepository.java. Using fallback presentation compiler.
2026.04.12 09:18:37 INFO  no build target found for /Users/abhishekghosh/Desktop/personal-projects/spring-boot-helper/projects/hibernate-jpa/src/main/java/io/github/abhishekghoshh/products/repository/ProductRepository.java. Using fallback presentation compiler.
2026.04.12 09:18:38 WARN  no build target for: /Users/abhishekghosh/Desktop/personal-projects/spring-boot-helper/projects/hibernate-jpa/src/main/java/io/github/abhishekghoshh/products/repository/ProductRepository.java
Apr 12, 2026 9:18:38 AM org.eclipse.lsp4j.jsonrpc.RemoteEndpoint handleCancellation
WARNING: Unmatched cancel notification for request id 10
2026.04.12 09:18:37 INFO  no build target found for /Users/abhishekghosh/Desktop/personal-projects/spring-boot-helper/projects/hibernate-jpa/src/main/java/io/github/abhishekghoshh/products/repository/ProductRepository.java. Using fallback presentation compiler.
2026.04.12 09:18:37 INFO  no build target found for /Users/abhishekghosh/Desktop/personal-projects/spring-boot-helper/projects/hibernate-jpa/src/main/java/io/github/abhishekghoshh/products/repository/ProductRepository.java. Using fallback presentation compiler.
2026.04.12 09:18:41 INFO  no build target found for /Users/abhishekghosh/Desktop/personal-projects/spring-boot-helper/projects/hibernate-jpa/src/main/java/io/github/abhishekghoshh/products/repository/ProductRepository.java. Using fallback presentation compiler.
2026.04.12 09:18:41 INFO  no build target found for /Users/abhishekghosh/Desktop/personal-projects/spring-boot-helper/projects/hibernate-jpa/src/main/java/io/github/abhishekghoshh/products/repository/impl/ProductDataJpaRepositoryWrapper.java. Using fallback presentation compiler.
2026.04.12 09:18:41 WARN  no build target for: /Users/abhishekghosh/Desktop/personal-projects/spring-boot-helper/projects/hibernate-jpa/src/main/java/io/github/abhishekghoshh/products/repository/impl/ProductDataJpaRepositoryWrapper.java
Apr 12, 2026 9:18:41 AM org.eclipse.lsp4j.jsonrpc.RemoteEndpoint handleCancellation
WARNING: Unmatched cancel notification for request id 20
2026.04.12 09:18:41 INFO  no build target found for /Users/abhishekghosh/Desktop/personal-projects/spring-boot-helper/projects/hibernate-jpa/src/main/java/io/github/abhishekghoshh/products/repository/impl/ProductDataJpaRepositoryWrapper.java. Using fallback presentation compiler.
2026.04.12 09:18:41 INFO  no build target found for /Users/abhishekghosh/Desktop/personal-projects/spring-boot-helper/projects/hibernate-jpa/src/main/java/io/github/abhishekghoshh/products/repository/impl/ProductDataJpaRepositoryWrapper.java. Using fallback presentation compiler.
2026.04.12 09:18:46 INFO  no build target found for /Users/abhishekghosh/Desktop/personal-projects/spring-boot-helper/projects/hibernate-jpa/src/main/java/io/github/abhishekghoshh/products/repository/impl/ProductDataJpaRepositoryWrapper.java. Using fallback presentation compiler.
2026.04.12 09:18:48 INFO  no build target found for /Users/abhishekghosh/Desktop/personal-projects/spring-boot-helper/projects/hibernate-jpa/src/main/java/io/github/abhishekghoshh/products/repository/impl/ProductDataJpaRepositoryWrapper.java. Using fallback presentation compiler.
2026.04.12 09:18:48 INFO  no build target found for /Users/abhishekghosh/Desktop/personal-projects/spring-boot-helper/projects/hibernate-jpa/src/main/java/io/github/abhishekghoshh/products/repository/impl/ProductDataJpaRepositoryWrapper.java. Using fallback presentation compiler.
2026.04.12 09:18:48 INFO  no build target found for /Users/abhishekghosh/Desktop/personal-projects/spring-boot-helper/projects/hibernate-jpa/src/main/java/io/github/abhishekghoshh/products/repository/impl/ProductDataJpaRepositoryWrapper.java. Using fallback presentation compiler.
2026.04.12 09:18:48 INFO  no build target found for /Users/abhishekghosh/Desktop/personal-projects/spring-boot-helper/projects/hibernate-jpa/src/main/java/io/github/abhishekghoshh/products/repository/impl/ProductDataJpaRepositoryWrapper.java. Using fallback presentation compiler.
2026.04.12 09:18:49 INFO  no build target found for /Users/abhishekghosh/Desktop/personal-projects/spring-boot-helper/projects/hibernate-jpa/src/main/java/io/github/abhishekghoshh/products/repository/impl/ProductDataJpaRepositoryWrapper.java. Using fallback presentation compiler.
2026.04.12 09:18:50 INFO  no build target found for /Users/abhishekghosh/Desktop/personal-projects/spring-boot-helper/projects/hibernate-jpa/src/main/java/io/github/abhishekghoshh/products/repository/impl/ProductDataJpaRepositoryWrapper.java. Using fallback presentation compiler.
2026.04.12 09:18:53 INFO  no build target found for /Users/abhishekghosh/Desktop/personal-projects/spring-boot-helper/projects/hibernate-jpa/src/main/java/io/github/abhishekghoshh/products/repository/impl/ProductDataJpaRepositoryWrapper.java. Using fallback presentation compiler.
2026.04.12 09:18:53 INFO  no build target found for /Users/abhishekghosh/Desktop/personal-projects/spring-boot-helper/projects/hibernate-jpa/src/main/java/io/github/abhishekghoshh/products/repository/impl/ProductHibernateRepository.java. Using fallback presentation compiler.
2026.04.12 09:18:53 WARN  no build target for: /Users/abhishekghosh/Desktop/personal-projects/spring-boot-helper/projects/hibernate-jpa/src/main/java/io/github/abhishekghoshh/products/repository/impl/ProductHibernateRepository.java
Apr 12, 2026 9:18:53 AM org.eclipse.lsp4j.jsonrpc.RemoteEndpoint handleCancellation
WARNING: Unmatched cancel notification for request id 37
2026.04.12 09:18:53 INFO  no build target found for /Users/abhishekghosh/Desktop/personal-projects/spring-boot-helper/projects/hibernate-jpa/src/main/java/io/github/abhishekghoshh/products/repository/impl/ProductHibernateRepository.java. Using fallback presentation compiler.
2026.04.12 09:18:53 INFO  no build target found for /Users/abhishekghosh/Desktop/personal-projects/spring-boot-helper/projects/hibernate-jpa/src/main/java/io/github/abhishekghoshh/products/repository/impl/ProductHibernateRepository.java. Using fallback presentation compiler.
2026.04.12 09:18:56 INFO  no build target found for /Users/abhishekghosh/Desktop/personal-projects/spring-boot-helper/projects/hibernate-jpa/src/main/java/io/github/abhishekghoshh/products/repository/impl/ProductHibernateRepository.java. Using fallback presentation compiler.
2026.04.12 09:18:58 INFO  no build target found for /Users/abhishekghosh/Desktop/personal-projects/spring-boot-helper/projects/hibernate-jpa/src/main/java/io/github/abhishekghoshh/products/repository/impl/ProductHibernateRepository.java. Using fallback presentation compiler.
2026.04.12 09:19:05 INFO  no build target found for /Users/abhishekghosh/Desktop/personal-projects/spring-boot-helper/projects/hibernate-jpa/src/main/java/io/github/abhishekghoshh/products/repository/impl/ProductHibernateRepository.java. Using fallback presentation compiler.
2026.04.12 09:19:05 INFO  no build target found for /Users/abhishekghosh/Desktop/personal-projects/spring-boot-helper/projects/hibernate-jpa/src/main/java/io/github/abhishekghoshh/products/repository/impl/ProductJDBCRepository.java. Using fallback presentation compiler.
2026.04.12 09:19:05 WARN  no build target for: /Users/abhishekghosh/Desktop/personal-projects/spring-boot-helper/projects/hibernate-jpa/src/main/java/io/github/abhishekghoshh/products/repository/impl/ProductJDBCRepository.java
Apr 12, 2026 9:19:05 AM org.eclipse.lsp4j.jsonrpc.RemoteEndpoint handleCancellation
WARNING: Unmatched cancel notification for request id 48
2026.04.12 09:19:05 INFO  no build target found for /Users/abhishekghosh/Desktop/personal-projects/spring-boot-helper/projects/hibernate-jpa/src/main/java/io/github/abhishekghoshh/products/repository/impl/ProductJDBCRepository.java. Using fallback presentation compiler.
2026.04.12 09:19:05 INFO  no build target found for /Users/abhishekghosh/Desktop/personal-projects/spring-boot-helper/projects/hibernate-jpa/src/main/java/io/github/abhishekghoshh/products/repository/impl/ProductJDBCRepository.java. Using fallback presentation compiler.
2026.04.12 09:19:10 INFO  no build target found for /Users/abhishekghosh/Desktop/personal-projects/spring-boot-helper/projects/hibernate-jpa/src/main/java/io/github/abhishekghoshh/products/repository/impl/ProductJDBCRepository.java. Using fallback presentation compiler.
2026.04.12 09:19:10 INFO  no build target found for /Users/abhishekghosh/Desktop/personal-projects/spring-boot-helper/projects/hibernate-jpa/src/main/java/io/github/abhishekghoshh/products/repository/impl/ProductJDBCRepository.java. Using fallback presentation compiler.
2026.04.12 09:19:10 INFO  no build target found for /Users/abhishekghosh/Desktop/personal-projects/spring-boot-helper/projects/hibernate-jpa/src/main/java/io/github/abhishekghoshh/products/repository/impl/ProductJDBCRepository.java. Using fallback presentation compiler.
2026.04.12 09:19:10 INFO  no build target found for /Users/abhishekghosh/Desktop/personal-projects/spring-boot-helper/projects/hibernate-jpa/src/main/java/io/github/abhishekghoshh/products/repository/impl/ProductJDBCRepository.java. Using fallback presentation compiler.
2026.04.12 09:19:10 INFO  no build target found for /Users/abhishekghosh/Desktop/personal-projects/spring-boot-helper/projects/hibernate-jpa/src/main/java/io/github/abhishekghoshh/products/repository/impl/ProductJDBCRepository.java. Using fallback presentation compiler.
2026.04.12 09:19:20 INFO  no build target found for /Users/abhishekghosh/Desktop/personal-projects/spring-boot-helper/projects/hibernate-jpa/src/main/java/io/github/abhishekghoshh/products/repository/impl/ProductJDBCRepository.java. Using fallback presentation compiler.
2026.04.12 09:19:56 INFO  no build target found for /Users/abhishekghosh/Desktop/personal-projects/spring-boot-helper/projects/hibernate-jpa/src/main/java/io/github/abhishekghoshh/products/repository/impl/ProductJDBCRepository.java. Using fallback presentation compiler.
2026.04.12 09:19:58 INFO  no build target found for /Users/abhishekghosh/Desktop/personal-projects/spring-boot-helper/projects/hibernate-jpa/src/main/java/io/github/abhishekghoshh/products/repository/impl/ProductJDBCRepository.java. Using fallback presentation compiler.
2026.04.12 09:20:09 INFO  no build target found for /Users/abhishekghosh/Desktop/personal-projects/spring-boot-helper/projects/hibernate-jpa/src/main/java/io/github/abhishekghoshh/products/repository/impl/ProductJDBCRepository.java. Using fallback presentation compiler.
2026.04.12 09:20:10 INFO  no build target found for /Users/abhishekghosh/Desktop/personal-projects/spring-boot-helper/projects/hibernate-jpa/src/main/java/io/github/abhishekghoshh/products/repository/impl/ProductJDBCRepository.java. Using fallback presentation compiler.
2026.04.12 09:20:09 INFO  no build target found for /Users/abhishekghosh/Desktop/personal-projects/spring-boot-helper/projects/hibernate-jpa/src/main/java/io/github/abhishekghoshh/products/repository/impl/ProductJDBCRepository.java. Using fallback presentation compiler.
2026.04.12 09:20:11 INFO  no build target found for /Users/abhishekghosh/Desktop/personal-projects/spring-boot-helper/projects/hibernate-jpa/src/main/java/io/github/abhishekghoshh/products/repository/impl/ProductJDBCRepository.java. Using fallback presentation compiler.
2026.04.12 09:20:19 INFO  no build target found for /Users/abhishekghosh/Desktop/personal-projects/spring-boot-helper/projects/hibernate-jpa/src/main/java/io/github/abhishekghoshh/products/repository/impl/ProductJDBCRepository.java. Using fallback presentation compiler.
2026.04.12 09:20:19 INFO  no build target found for /Users/abhishekghosh/Desktop/personal-projects/spring-boot-helper/projects/hibernate-jpa/src/main/java/io/github/abhishekghoshh/products/repository/impl/ProductJDBCRepository.java. Using fallback presentation compiler.
2026.04.12 09:20:19 INFO  no build target found for /Users/abhishekghosh/Desktop/personal-projects/spring-boot-helper/projects/hibernate-jpa/src/main/java/io/github/abhishekghoshh/products/repository/impl/ProductJDBCRepository.java. Using fallback presentation compiler.
2026.04.12 09:20:19 INFO  no build target found for /Users/abhishekghosh/Desktop/personal-projects/spring-boot-helper/projects/hibernate-jpa/src/main/java/io/github/abhishekghoshh/products/repository/impl/ProductJDBCRepository.java. Using fallback presentation compiler.
2026.04.12 09:20:19 INFO  no build target found for /Users/abhishekghosh/Desktop/personal-projects/spring-boot-helper/projects/hibernate-jpa/src/main/java/io/github/abhishekghoshh/products/repository/impl/ProductJDBCRepository.java. Using fallback presentation compiler.
2026.04.12 09:20:19 INFO  no build target found for /Users/abhishekghosh/Desktop/personal-projects/spring-boot-helper/projects/hibernate-jpa/src/main/java/io/github/abhishekghoshh/products/repository/impl/ProductJDBCRepository.java. Using fallback presentation compiler.
2026.04.12 09:20:19 INFO  no build target found for /Users/abhishekghosh/Desktop/personal-projects/spring-boot-helper/projects/hibernate-jpa/src/main/java/io/github/abhishekghoshh/products/repository/impl/ProductJDBCRepository.java. Using fallback presentation compiler.
2026.04.12 09:20:19 INFO  no build target found for /Users/abhishekghosh/Desktop/personal-projects/spring-boot-helper/projects/hibernate-jpa/src/main/java/io/github/abhishekghoshh/products/repository/impl/ProductJDBCRepository.java. Using fallback presentation compiler.
2026.04.12 09:20:19 INFO  no build target found for /Users/abhishekghosh/Desktop/personal-projects/spring-boot-helper/projects/hibernate-jpa/src/main/java/io/github/abhishekghoshh/products/repository/impl/ProductJDBCRepository.java. Using fallback presentation compiler.
2026.04.12 09:20:19 INFO  no build target found for /Users/abhishekghosh/Desktop/personal-projects/spring-boot-helper/projects/hibernate-jpa/src/main/java/io/github/abhishekghoshh/products/repository/impl/ProductJDBCRepository.java. Using fallback presentation compiler.
2026.04.12 09:20:19 INFO  no build target found for /Users/abhishekghosh/Desktop/personal-projects/spring-boot-helper/projects/hibernate-jpa/src/main/java/io/github/abhishekghoshh/products/repository/impl/ProductJDBCRepository.java. Using fallback presentation compiler.
2026.04.12 09:22:40 INFO  no build target found for /Users/abhishekghosh/Desktop/personal-projects/spring-boot-helper/projects/hibernate-jpa/src/main/java/io/github/abhishekghoshh/products/repository/impl/ProductJDBCRepository.java. Using fallback presentation compiler.
2026.04.12 09:22:49 INFO  no build target found for /Users/abhishekghosh/Desktop/personal-projects/spring-boot-helper/projects/hibernate-jpa/src/main/java/io/github/abhishekghoshh/products/repository/impl/ProductJDBCRepository.java. Using fallback presentation compiler.
2026.04.12 09:22:49 INFO  Created report: Optional[file:///Users/abhishekghosh/Desktop/personal-projects/spring-boot-helper/projects/hibernate-jpa/src/main/java/io/github/abhishekghoshh/products/repository/impl/ProductJDBCRepository.java]
2026.04.12 09:22:49 INFO  empty definition using pc, found symbol in pc: javax/sql/DataSource#getConnection(). (full report at: "/Users/abhishekghosh/Desktop/personal-projects/spring-boot-helper/.metals/.reports/metals-full/2026-04-12/r_empty-definition_09-22-49-861.md")
2026.04.12 09:22:50 INFO  no build target found for /Users/abhishekghosh/Desktop/personal-projects/spring-boot-helper/projects/hibernate-jpa/src/main/java/io/github/abhishekghoshh/products/repository/impl/ProductJDBCRepository.java. Using fallback presentation compiler.
2026.04.12 09:22:49 INFO  no build target found for /Users/abhishekghosh/Desktop/personal-projects/spring-boot-helper/projects/hibernate-jpa/src/main/java/io/github/abhishekghoshh/products/repository/impl/ProductJDBCRepository.java. Using fallback presentation compiler.
2026.04.12 09:22:49 INFO  empty definition using pc, found symbol in pc: javax/sql/DataSource#getConnection(). (full report at: "/Users/abhishekghosh/Desktop/personal-projects/spring-boot-helper/.metals/.reports/metals-full/2026-04-12/r_empty-definition_09-22-49-861.md")
Apr 12, 2026 9:22:50 AM org.eclipse.lsp4j.jsonrpc.RemoteEndpoint handleNotification
WARNING: Notification threw an exception: {
  "jsonrpc": "2.0",
  "method": "metals/didFocusTextDocument",
  "params": [
    "jdt://contents/java.sql/javax.sql/DataSource.java?%3Djdt.ls-java-project%2F%5C%2FLibrary%5C%2FJava%5C%2FJavaVirtualMachines%5C%2Fjdk-25.jdk%5C%2FContents%5C%2FHome%5C%2Flib%5C%2Fjrt-fs.jar%60java.sql%3D%2Fjavadoc_location%3D%2Fhttps%3A%5C%2F%5C%2Fdocs.oracle.com%5C%2Fen%5C%2Fjava%5C%2Fjavase%5C%2F25%5C%2Fdocs%5C%2Fapi%5C%2F%3D%2F%3Cjavax.sql%28DataSource.class"
  ]
}
java.nio.file.FileSystemNotFoundException: Provider "jdt" not installed
	at java.base/java.nio.file.Path.of(Path.java:210)
	at java.base/java.nio.file.Paths.get(Paths.java:95)
	at scala.meta.internal.mtags.MtagsEnrichments$XtensionURIMtags.toAbsolutePath(MtagsEnrichments.scala:149)
	at scala.meta.internal.mtags.MtagsEnrichments$XtensionStringMtags.toAbsolutePath(MtagsEnrichments.scala:209)
	at scala.meta.internal.metals.MetalsEnrichments$XtensionString.toAbsolutePath(MetalsEnrichments.scala:787)
	at scala.meta.internal.metals.MetalsEnrichments$XtensionString.toAbsolutePath(MetalsEnrichments.scala:784)
	at scala.meta.internal.metals.WorkspaceLspService.didFocus(WorkspaceLspService.scala:808)
	at scala.meta.metals.lsp.DelegatingScalaService.didFocus(DelegatingScalaService.scala:42)
	at java.base/jdk.internal.reflect.DirectMethodHandleAccessor.invoke(DirectMethodHandleAccessor.java:104)
	at java.base/java.lang.reflect.Method.invoke(Method.java:565)
	at org.eclipse.lsp4j.jsonrpc.services.GenericEndpoint.lambda$recursiveFindRpcMethods$0(GenericEndpoint.java:65)
	at org.eclipse.lsp4j.jsonrpc.services.GenericEndpoint.notify(GenericEndpoint.java:160)
	at org.eclipse.lsp4j.jsonrpc.RemoteEndpoint.handleNotification(RemoteEndpoint.java:225)
	at org.eclipse.lsp4j.jsonrpc.RemoteEndpoint.consume(RemoteEndpoint.java:192)
	at org.eclipse.lsp4j.jsonrpc.json.StreamMessageProducer.handleMessage(StreamMessageProducer.java:189)
	at org.eclipse.lsp4j.jsonrpc.json.StreamMessageProducer.listen(StreamMessageProducer.java:97)
	at org.eclipse.lsp4j.jsonrpc.json.ConcurrentMessageProcessor.run(ConcurrentMessageProcessor.java:97)
	at java.base/java.util.concurrent.Executors$RunnableAdapter.call(Executors.java:545)
	at java.base/java.util.concurrent.FutureTask.run(FutureTask.java:328)
	at java.base/java.util.concurrent.ThreadPoolExecutor.runWorker(ThreadPoolExecutor.java:1090)
	at java.base/java.util.concurrent.ThreadPoolExecutor$Worker.run(ThreadPoolExecutor.java:614)
	at java.base/java.lang.Thread.run(Thread.java:1474)

2026.04.12 09:22:54 INFO  no build target found for /Users/abhishekghosh/Desktop/personal-projects/spring-boot-helper/projects/hibernate-jpa/src/main/java/io/github/abhishekghoshh/products/repository/impl/ProductJDBCRepository.java. Using fallback presentation compiler.
2026.04.12 09:22:54 WARN  no build target for: /Users/abhishekghosh/Desktop/personal-projects/spring-boot-helper/projects/hibernate-jpa/src/main/java/io/github/abhishekghoshh/products/repository/impl/ProductJDBCRepository.java
2026.04.12 09:22:54 INFO  no build target found for /Users/abhishekghosh/Desktop/personal-projects/spring-boot-helper/projects/hibernate-jpa/src/main/java/io/github/abhishekghoshh/products/repository/impl/ProductJDBCRepository.java. Using fallback presentation compiler.
2026.04.12 09:22:54 INFO  no build target found for /Users/abhishekghosh/Desktop/personal-projects/spring-boot-helper/projects/hibernate-jpa/src/main/java/io/github/abhishekghoshh/products/repository/impl/ProductJDBCRepository.java. Using fallback presentation compiler.
2026.04.12 09:22:54 INFO  no build target found for /Users/abhishekghosh/Desktop/personal-projects/spring-boot-helper/projects/hibernate-jpa/src/main/java/io/github/abhishekghoshh/products/repository/impl/ProductJDBCRepository.java. Using fallback presentation compiler.
2026.04.12 09:22:54 INFO  no build target found for /Users/abhishekghosh/Desktop/personal-projects/spring-boot-helper/projects/hibernate-jpa/src/main/java/io/github/abhishekghoshh/products/repository/impl/ProductJDBCRepository.java. Using fallback presentation compiler.
2026.04.12 09:22:55 INFO  no build target found for /Users/abhishekghosh/Desktop/personal-projects/spring-boot-helper/projects/hibernate-jpa/src/main/java/io/github/abhishekghoshh/products/repository/impl/ProductJDBCRepository.java. Using fallback presentation compiler.
2026.04.13 09:49:39 WARN  no build target for: /Users/abhishekghosh/Desktop/personal-projects/spring-boot-helper/projects/hibernate-jpa/src/main/java/io/github/abhishekghoshh/products/controller/ProductController.java
2026.04.13 09:49:39 INFO  no build target found for /Users/abhishekghosh/Desktop/personal-projects/spring-boot-helper/projects/hibernate-jpa/src/main/java/io/github/abhishekghoshh/products/controller/ProductController.java. Using fallback presentation compiler.
2026.04.13 09:49:40 INFO  no build target found for /Users/abhishekghosh/Desktop/personal-projects/spring-boot-helper/projects/hibernate-jpa/src/main/java/io/github/abhishekghoshh/products/controller/ProductController.java. Using fallback presentation compiler.
Apr 13, 2026 9:49:40 AM org.eclipse.lsp4j.jsonrpc.RemoteEndpoint handleCancellation
WARNING: Unmatched cancel notification for request id 122
2026.04.13 09:49:39 INFO  no build target found for /Users/abhishekghosh/Desktop/personal-projects/spring-boot-helper/projects/hibernate-jpa/src/main/java/io/github/abhishekghoshh/products/controller/ProductController.java. Using fallback presentation compiler.
2026.04.13 09:49:41 INFO  no build target found for /Users/abhishekghosh/Desktop/personal-projects/spring-boot-helper/projects/hibernate-jpa/src/main/java/io/github/abhishekghoshh/products/controller/ProductController.java. Using fallback presentation compiler.
2026.04.13 09:49:41 INFO  no build target found for /Users/abhishekghosh/Desktop/personal-projects/spring-boot-helper/projects/hibernate-jpa/src/main/java/io/github/abhishekghoshh/products/controller/ProductController.java. Using fallback presentation compiler.
2026.04.13 09:49:47 INFO  no build target found for /Users/abhishekghosh/Desktop/personal-projects/spring-boot-helper/projects/hibernate-jpa/src/main/java/io/github/abhishekghoshh/products/repository/impl/ProductJDBCTemplate.java. Using fallback presentation compiler.
2026.04.13 09:49:47 WARN  no build target for: /Users/abhishekghosh/Desktop/personal-projects/spring-boot-helper/projects/hibernate-jpa/src/main/java/io/github/abhishekghoshh/products/repository/impl/ProductJDBCTemplate.java
2026.04.13 09:49:47 INFO  no build target found for /Users/abhishekghosh/Desktop/personal-projects/spring-boot-helper/projects/hibernate-jpa/src/main/java/io/github/abhishekghoshh/products/repository/impl/ProductJDBCTemplate.java. Using fallback presentation compiler.
2026.04.13 09:49:47 INFO  no build target found for /Users/abhishekghosh/Desktop/personal-projects/spring-boot-helper/projects/hibernate-jpa/src/main/java/io/github/abhishekghoshh/products/repository/impl/ProductJDBCTemplate.java. Using fallback presentation compiler.
2026.04.13 09:49:48 INFO  no build target found for /Users/abhishekghosh/Desktop/personal-projects/spring-boot-helper/projects/hibernate-jpa/src/main/java/io/github/abhishekghoshh/products/repository/impl/ProductJDBCTemplate.java. Using fallback presentation compiler.
2026.04.13 09:49:47 INFO  no build target found for /Users/abhishekghosh/Desktop/personal-projects/spring-boot-helper/projects/hibernate-jpa/src/main/java/io/github/abhishekghoshh/products/repository/impl/ProductJDBCTemplate.java. Using fallback presentation compiler.
2026.04.13 09:49:52 WARN  no build target for: /Users/abhishekghosh/Desktop/personal-projects/spring-boot-helper/projects/hibernate-jpa/src/main/java/io/github/abhishekghoshh/products/repository/impl/ProductJDBCRepository.java
2026.04.13 09:49:52 INFO  no build target found for /Users/abhishekghosh/Desktop/personal-projects/spring-boot-helper/projects/hibernate-jpa/src/main/java/io/github/abhishekghoshh/products/repository/impl/ProductJDBCRepository.java. Using fallback presentation compiler.
2026.04.13 09:49:52 INFO  no build target found for /Users/abhishekghosh/Desktop/personal-projects/spring-boot-helper/projects/hibernate-jpa/src/main/java/io/github/abhishekghoshh/products/repository/impl/ProductJDBCRepository.java. Using fallback presentation compiler.
2026.04.13 09:49:52 INFO  no build target found for /Users/abhishekghosh/Desktop/personal-projects/spring-boot-helper/projects/hibernate-jpa/src/main/java/io/github/abhishekghoshh/products/repository/impl/ProductJDBCRepository.java. Using fallback presentation compiler.
2026.04.13 09:49:52 INFO  no build target found for /Users/abhishekghosh/Desktop/personal-projects/spring-boot-helper/projects/hibernate-jpa/src/main/java/io/github/abhishekghoshh/products/repository/impl/ProductJDBCRepository.java. Using fallback presentation compiler.
2026.04.13 09:49:52 INFO  no build target found for /Users/abhishekghosh/Desktop/personal-projects/spring-boot-helper/projects/hibernate-jpa/src/main/java/io/github/abhishekghoshh/products/repository/impl/ProductJDBCRepository.java. Using fallback presentation compiler.
2026.04.13 09:49:52 INFO  no build target found for /Users/abhishekghosh/Desktop/personal-projects/spring-boot-helper/projects/hibernate-jpa/src/main/java/io/github/abhishekghoshh/products/repository/impl/ProductJDBCRepository.java. Using fallback presentation compiler.
2026.04.13 09:49:54 INFO  no build target found for /Users/abhishekghosh/Desktop/personal-projects/spring-boot-helper/projects/hibernate-jpa/src/main/java/io/github/abhishekghoshh/products/controller/ProductController.java. Using fallback presentation compiler.
2026.04.13 09:50:02 INFO  no build target found for /Users/abhishekghosh/Desktop/personal-projects/spring-boot-helper/projects/hibernate-jpa/src/main/java/io/github/abhishekghoshh/products/repository/impl/ProductJDBCTemplate.java. Using fallback presentation compiler.
2026.04.13 09:50:08 INFO  no build target found for /Users/abhishekghosh/Desktop/personal-projects/spring-boot-helper/projects/hibernate-jpa/src/main/java/io/github/abhishekghoshh/products/repository/impl/ProductJDBCRepository.java. Using fallback presentation compiler.
2026.04.13 09:50:08 WARN  no build target for: /Users/abhishekghosh/Desktop/personal-projects/spring-boot-helper/projects/hibernate-jpa/src/main/java/io/github/abhishekghoshh/products/repository/impl/ProductHibernateRepository.java
2026.04.13 09:50:08 INFO  no build target found for /Users/abhishekghosh/Desktop/personal-projects/spring-boot-helper/projects/hibernate-jpa/src/main/java/io/github/abhishekghoshh/products/repository/impl/ProductHibernateRepository.java. Using fallback presentation compiler.
2026.04.13 09:50:08 INFO  no build target found for /Users/abhishekghosh/Desktop/personal-projects/spring-boot-helper/projects/hibernate-jpa/src/main/java/io/github/abhishekghoshh/products/repository/impl/ProductHibernateRepository.java. Using fallback presentation compiler.
2026.04.13 09:50:08 INFO  no build target found for /Users/abhishekghosh/Desktop/personal-projects/spring-boot-helper/projects/hibernate-jpa/src/main/java/io/github/abhishekghoshh/products/repository/impl/ProductHibernateRepository.java. Using fallback presentation compiler.
2026.04.13 09:50:08 INFO  no build target found for /Users/abhishekghosh/Desktop/personal-projects/spring-boot-helper/projects/hibernate-jpa/src/main/java/io/github/abhishekghoshh/products/repository/impl/ProductHibernateRepository.java. Using fallback presentation compiler.
2026.04.13 09:50:08 INFO  no build target found for /Users/abhishekghosh/Desktop/personal-projects/spring-boot-helper/projects/hibernate-jpa/src/main/java/io/github/abhishekghoshh/products/repository/impl/ProductHibernateRepository.java. Using fallback presentation compiler.
2026.04.13 09:50:10 INFO  no build target found for /Users/abhishekghosh/Desktop/personal-projects/spring-boot-helper/projects/hibernate-jpa/src/main/java/io/github/abhishekghoshh/products/repository/impl/ProductHibernateRepository.java. Using fallback presentation compiler.
2026.04.13 09:50:13 INFO  no build target found for /Users/abhishekghosh/Desktop/personal-projects/spring-boot-helper/projects/hibernate-jpa/src/main/java/io/github/abhishekghoshh/products/repository/impl/ProductHibernateRepository.java. Using fallback presentation compiler.
2026.04.13 09:50:23 INFO  no build target found for /Users/abhishekghosh/Desktop/personal-projects/spring-boot-helper/projects/hibernate-jpa/src/main/java/io/github/abhishekghoshh/products/repository/impl/ProductHibernateRepository.java. Using fallback presentation compiler.
Apr 13, 2026 4:03:51 PM org.eclipse.lsp4j.jsonrpc.services.GenericEndpoint notify
INFO: Unsupported notification method: $/setTrace
Apr 13, 2026 7:44:14 PM org.eclipse.lsp4j.jsonrpc.services.GenericEndpoint notify
INFO: Unsupported notification method: $/setTrace
Apr 14, 2026 11:48:24 AM org.eclipse.lsp4j.jsonrpc.services.GenericEndpoint notify
INFO: Unsupported notification method: $/setTrace
Apr 15, 2026 5:36:07 PM org.eclipse.lsp4j.jsonrpc.services.GenericEndpoint notify
INFO: Unsupported notification method: $/setTrace
2026.04.15 21:02:53 INFO  Shutting down server
2026.04.15 21:02:53 INFO  Memory monitor stopped
2026.04.15 21:02:53 INFO  shutting down Metals
2026.04.15 21:02:54 INFO  Exiting server
